🌅 开始每日自动更新...
📍 工作目录：/Users/xuehuimiao/.openclaw/workspace/ai-reading-site
⏰ 时间：2026-03-21 08:00:00

📝 步骤 1/3: 生成新章节内容...
./auto-update.sh: line 17: node: command not found
🌅 开始每日自动更新...
📍 工作目录：/Users/xuehuimiao/.openclaw/workspace/ai-reading-site
⏰ 时间：2026-03-21 08:00:01

📝 步骤 1/3: 生成新章节内容...
🌅 开始每日自动更新...
📍 工作目录：/Users/xuehuimiao/.openclaw/workspace/ai-reading-site
⏰ 时间：2026-03-22 08:00:01

📝 步骤 1/3: 生成新章节内容...
./auto-update.sh: line 17: node: command not found
🌅 开始每日自动更新...
📍 工作目录：/Users/xuehuimiao/.openclaw/workspace/ai-reading-site
⏰ 时间：2026-03-22 08:00:05

📝 步骤 1/3: 生成新章节内容...
🌅 开始每日自动更新...
📍 工作目录：/Users/xuehuimiao/.openclaw/workspace/ai-reading-site
⏰ 时间：2026-03-23 08:00:00

📝 步骤 1/3: 生成新章节内容...
./auto-update.sh: line 17: node: command not found
🌅 开始每日自动更新...
📍 工作目录：/Users/xuehuimiao/.openclaw/workspace/ai-reading-site
⏰ 时间：2026-03-23 08:00:01

📝 步骤 1/3: 生成新章节内容...
🌅 开始每日自动更新...
📍 工作目录：/Users/xuehuimiao/.openclaw/workspace/ai-reading-site
⏰ 时间：2026-03-24 08:00:01

📝 步骤 1/3: 生成新章节内容...
./auto-update.sh: line 17: node: command not found
🌅 开始每日自动更新...
📍 工作目录：/Users/xuehuimiao/.openclaw/workspace/ai-reading-site
⏰ 时间：2026-03-24 08:00:05

📝 步骤 1/3: 生成新章节内容...
🌅 开始每日自动更新...
📍 工作目录：/Users/xuehuimiao/.openclaw/workspace/ai-reading-site
⏰ 时间：2026-03-25 08:00:00

📝 步骤 1/3: 生成新章节内容...
./auto-update.sh: line 17: node: command not found
🌅 开始每日自动更新...
📍 工作目录：/Users/xuehuimiao/.openclaw/workspace/ai-reading-site
⏰ 时间：2026-03-25 08:00:04

📝 步骤 1/3: 生成新章节内容...
🌅 开始每日自动更新...
📍 工作目录：/Users/xuehuimiao/.openclaw/workspace/ai-reading-site
⏰ 时间：2026-03-26 08:00:00

📝 步骤 1/3: 生成新章节内容...
./auto-update.sh: line 17: node: command not found
🌅 开始每日自动更新...
📍 工作目录：/Users/xuehuimiao/.openclaw/workspace/ai-reading-site
⏰ 时间：2026-03-26 08:00:05

📝 步骤 1/3: 生成新章节内容...
🌅 开始每日自动更新...
📍 工作目录：/Users/xuehuimiao/.openclaw/workspace/ai-reading-site
⏰ 时间：2026-03-27 08:00:00

📝 步骤 1/3: 生成新章节内容...
./auto-update.sh: line 17: node: command not found
🌅 开始每日自动更新...
📍 工作目录：/Users/xuehuimiao/.openclaw/workspace/ai-reading-site
⏰ 时间：2026-03-27 08:00:05

📝 步骤 1/3: 生成新章节内容...
🌅 开始每日自动更新...
📍 工作目录：/Users/xuehuimiao/.openclaw/workspace/ai-reading-site
⏰ 时间：2026-03-28 08:00:00

📝 步骤 1/3: 生成新章节内容...
./auto-update.sh: line 17: node: command not found
🌅 开始每日自动更新...
📍 工作目录：/Users/xuehuimiao/.openclaw/workspace/ai-reading-site
⏰ 时间：2026-03-28 08:00:05

📝 步骤 1/3: 生成新章节内容...
🌅 开始每日自动更新...
📍 工作目录：/Users/xuehuimiao/.openclaw/workspace/ai-reading-site
⏰ 时间：2026-03-29 08:00:01

📝 步骤 1/3: 生成新章节内容...
./auto-update.sh: line 17: node: command not found
🌅 开始每日自动更新...
📍 工作目录：/Users/xuehuimiao/.openclaw/workspace/ai-reading-site
⏰ 时间：2026-03-29 08:00:05

📝 步骤 1/3: 生成新章节内容...
🌅 开始每日自动更新...
📍 工作目录：/Users/xuehuimiao/.openclaw/workspace/ai-reading-site
⏰ 时间：2026-03-30 08:00:00

📝 步骤 1/3: 生成新章节内容...
./auto-update.sh: line 17: node: command not found
🌅 开始每日自动更新...
📍 工作目录：/Users/xuehuimiao/.openclaw/workspace/ai-reading-site
⏰ 时间：2026-03-30 08:00:01

📝 步骤 1/3: 生成新章节内容...
🌅 开始每日自动更新...
📍 工作目录：/Users/xuehuimiao/.openclaw/workspace/ai-reading-site
⏰ 时间：2026-03-31 08:00:00

📝 步骤 1/3: 生成新章节内容...
./auto-update.sh: line 17: node: command not found
🌅 开始每日自动更新...
📍 工作目录：/Users/xuehuimiao/.openclaw/workspace/ai-reading-site
⏰ 时间：2026-03-31 08:00:04

📝 步骤 1/3: 生成新章节内容...
